<?xml version="1.0" encoding="UTF-8"?>
<testng-results skipped="0" failed="0" ignored="0" total="1" passed="1">
  <reporter-output>
  </reporter-output>
  <suite name="Default suite" duration-ms="21933" started-at="2023-02-02T23:45:59 IST" finished-at="2023-02-02T23:46:21 IST">
    <groups>
      <group name="cucumber">
        <method signature="AbstractTestNGCucumberTests.runScenario(io.cucumber.testng.PickleWrapper, io.cucumber.testng.FeatureWrapper)[pri:0, instance:TestRunnerAutoSecond@59906517]" name="runScenario" class="io.cucumber.testng.AbstractTestNGCucumberTests"/>
      </group> <!-- cucumber -->
    </groups>
    <test name="Default test" duration-ms="21933" started-at="2023-02-02T23:45:59 IST" finished-at="2023-02-02T23:46:21 IST">
      <class name="TestRunnerAutoSecond">
        <test-method status="PASS" signature="setUpClass(org.testng.ITestContext)[pri:0, instance:TestRunnerAutoSecond@59906517]" name="setUpClass" is-config="true" duration-ms="479" started-at="2023-02-02T23:45:59 IST" finished-at="2023-02-02T23:45:59 IST">
          <params>
            <param index="0">
              <value>
                <![CDATA[org.testng.TestRunner@712ca57b]]>
              </value>
            </param>
          </params>
          <reporter-output>
          </reporter-output>
        </test-method> <!-- setUpClass -->
        <test-method status="PASS" signature="runScenario(io.cucumber.testng.PickleWrapper, io.cucumber.testng.FeatureWrapper)[pri:0, instance:TestRunnerAutoSecond@59906517]" name="runScenario" duration-ms="21352" started-at="2023-02-02T23:45:59 IST" description="Runs Cucumber Scenarios" data-provider="scenarios" finished-at="2023-02-02T23:46:21 IST">
          <params>
            <param index="0">
              <value>
                <![CDATA["using default payment option"]]>
              </value>
            </param>
            <param index="1">
              <value>
                <![CDATA["Place an order"]]>
              </value>
            </param>
          </params>
          <reporter-output>
          </reporter-output>
        </test-method> <!-- runScenario -->
        <test-method status="PASS" signature="tearDownClass()[pri:0, instance:TestRunnerAutoSecond@59906517]" name="tearDownClass" is-config="true" duration-ms="31" started-at="2023-02-02T23:46:21 IST" finished-at="2023-02-02T23:46:21 IST">
          <reporter-output>
          </reporter-output>
        </test-method> <!-- tearDownClass -->
      </class> <!-- TestRunnerAutoSecond -->
    </test> <!-- Default test -->
  </suite> <!-- Default suite -->
</testng-results>
