<?xml version="1.0" encoding="UTF-8"?>
<testng-results skipped="0" failed="0" total="1" passed="1">
  <reporter-output>
  </reporter-output>
  <suite name="Default suite" duration-ms="31621" started-at="2023-02-01T18:02:01Z" finished-at="2023-02-01T18:02:33Z">
    <groups>
      <group name="cucumber">
        <method signature="AbstractTestNGCucumberTests.runScenario(io.cucumber.testng.PickleWrapper, io.cucumber.testng.FeatureWrapper)[pri:0, instance:TestRunnerAuto@769f71a9]" name="runScenario" class="io.cucumber.testng.AbstractTestNGCucumberTests"/>
      </group> <!-- cucumber -->
    </groups>
    <test name="Default test" duration-ms="31621" started-at="2023-02-01T18:02:01Z" finished-at="2023-02-01T18:02:33Z">
      <class name="TestRunnerAuto">
        <test-method status="PASS" signature="setUpClass(org.testng.ITestContext)[pri:0, instance:TestRunnerAuto@769f71a9]" name="setUpClass" is-config="true" duration-ms="2438" started-at="2023-02-01T23:32:01Z" finished-at="2023-02-01T23:32:04Z">
          <params>
            <param index="0">
              <value>
                <![CDATA[org.testng.TestRunner@59429fac]]>
              </value>
            </param>
          </params>
          <reporter-output>
          </reporter-output>
        </test-method> <!-- setUpClass -->
        <test-method status="PASS" signature="runScenario(io.cucumber.testng.PickleWrapper, io.cucumber.testng.FeatureWrapper)[pri:0, instance:TestRunnerAuto@769f71a9]" name="runScenario" duration-ms="28471" started-at="2023-02-01T23:32:04Z" description="Runs Cucumber Scenarios" data-provider="scenarios" finished-at="2023-02-01T23:32:32Z">
          <params>
            <param index="0">
              <value>
                <![CDATA["Add one quantity from store"]]>
              </value>
            </param>
            <param index="1">
              <value>
                <![CDATA["Add To Cart Test"]]>
              </value>
            </param>
          </params>
          <reporter-output>
          </reporter-output>
        </test-method> <!-- runScenario -->
        <test-method status="PASS" signature="tearDownClass()[pri:0, instance:TestRunnerAuto@769f71a9]" name="tearDownClass" is-config="true" duration-ms="659" started-at="2023-02-01T23:32:32Z" finished-at="2023-02-01T23:32:33Z">
          <reporter-output>
          </reporter-output>
        </test-method> <!-- tearDownClass -->
      </class> <!-- TestRunnerAuto -->
    </test> <!-- Default test -->
  </suite> <!-- Default suite -->
</testng-results>
